<?xml version="1.0" encoding="UTF-8"?>
<testsuite xmlns:xsi="http://www.w3.org/2001/XMLSchema-instance" xsi:noNamespaceSchemaLocation="https://maven.apache.org/surefire/maven-surefire-plugin/xsd/surefire-test-report.xsd" name="com.bencaojc.aotian.Xls2ListTest" time="0.35" tests="5" errors="0" skipped="0" failures="0">
  <properties>
[...]
</properties>
  <testcase name="test" classname="com.bencaojc.aotian.Xls2ListTest" time="0.011"/>
  <testcase name="testConfigMap" classname="com.bencaojc.aotian.Xls2ListTest" time="0.025"/>
  <testcase name="testMap" classname="com.bencaojc.aotian.Xls2ListTest" time="0.002"/>
  <testcase name="testMap2" classname="com.bencaojc.aotian.Xls2ListTest" time="0.003"/>
  <testcase name="testConfig" classname="com.bencaojc.aotian.Xls2ListTest" time="0.272"/>
</testsuite>